2016-10-07 13:03:14,872 [Worker-2] INFO  o.e.m.c.i.l.LifecycleMappingFactory - Using org.eclipse.m2e.jdt.JarLifecycleMapping lifecycle mapping for MavenProject: com.n2s.springproject:springproject:0.0.1-SNAPSHOT @ /Volumes/NO NAME/Vinoth/Spring/springproject/pom.xml.
2016-10-07 13:03:15,807 [Worker-3] INFO  o.e.m.c.i.l.LifecycleMappingFactory - Using org.eclipse.m2e.jdt.JarLifecycleMapping lifecycle mapping for MavenProject: com.n2s.springproject:springproject:0.0.1-SNAPSHOT @ /Volumes/NO NAME/Vinoth/Spring/springproject/pom.xml.
2016-10-07 13:03:16,193 [Worker-2] INFO  o.e.m.c.i.e.AbstractTransferListenerAdapter - Downloading http://repo.maven.apache.org/maven2/org/springframework/spring-core/4.3.2.RELEASE/spring-core-4.3.2.RELEASE.pom
2016-10-07 13:03:16,247 [Worker-2] INFO  o.e.m.c.i.e.AbstractTransferListenerAdapter - Downloaded http://repo.maven.apache.org/maven2/org/springframework/spring-core/4.3.2.RELEASE/spring-core-4.3.2.RELEASE.pom
2016-10-07 13:03:16,299 [Worker-2] INFO  o.e.m.c.i.e.AbstractTransferListenerAdapter - Downloading http://repo.maven.apache.org/maven2/commons-logging/commons-logging/1.2/commons-logging-1.2.pom
2016-10-07 13:03:16,406 [Worker-2] INFO  o.e.m.c.i.e.AbstractTransferListenerAdapter - Downloaded http://repo.maven.apache.org/maven2/commons-logging/commons-logging/1.2/commons-logging-1.2.pom
2016-10-07 13:03:16,451 [Worker-3] INFO  o.e.m.c.i.e.AbstractTransferListenerAdapter - Downloading http://repo.maven.apache.org/maven2/org/apache/commons/commons-parent/34/commons-parent-34.pom
2016-10-07 13:03:16,584 [Worker-3] INFO  o.e.m.c.i.e.AbstractTransferListenerAdapter - Downloaded http://repo.maven.apache.org/maven2/org/apache/commons/commons-parent/34/commons-parent-34.pom
2016-10-07 13:03:16,654 [Worker-3] INFO  o.e.m.c.i.e.AbstractTransferListenerAdapter - Downloading http://repo.maven.apache.org/maven2/org/springframework/spring-context/4.3.2.RELEASE/spring-context-4.3.2.RELEASE.pom
2016-10-07 13:03:16,715 [Worker-3] INFO  o.e.m.c.i.e.AbstractTransferListenerAdapter - Downloaded http://repo.maven.apache.org/maven2/org/springframework/spring-context/4.3.2.RELEASE/spring-context-4.3.2.RELEASE.pom
2016-10-07 13:03:16,754 [Worker-3] INFO  o.e.m.c.i.e.AbstractTransferListenerAdapter - Downloading http://repo.maven.apache.org/maven2/org/springframework/spring-aop/4.3.2.RELEASE/spring-aop-4.3.2.RELEASE.pom
2016-10-07 13:03:16,804 [Worker-3] INFO  o.e.m.c.i.e.AbstractTransferListenerAdapter - Downloaded http://repo.maven.apache.org/maven2/org/springframework/spring-aop/4.3.2.RELEASE/spring-aop-4.3.2.RELEASE.pom
2016-10-07 13:03:16,859 [Worker-3] INFO  o.e.m.c.i.e.AbstractTransferListenerAdapter - Downloading http://repo.maven.apache.org/maven2/org/springframework/spring-beans/4.3.2.RELEASE/spring-beans-4.3.2.RELEASE.pom
2016-10-07 13:03:16,909 [Worker-3] INFO  o.e.m.c.i.e.AbstractTransferListenerAdapter - Downloaded http://repo.maven.apache.org/maven2/org/springframework/spring-beans/4.3.2.RELEASE/spring-beans-4.3.2.RELEASE.pom
2016-10-07 13:03:16,942 [Worker-3] INFO  o.e.m.c.i.e.AbstractTransferListenerAdapter - Downloading http://repo.maven.apache.org/maven2/org/springframework/spring-expression/4.3.2.RELEASE/spring-expression-4.3.2.RELEASE.pom
2016-10-07 13:03:17,011 [Worker-3] INFO  o.e.m.c.i.e.AbstractTransferListenerAdapter - Downloaded http://repo.maven.apache.org/maven2/org/springframework/spring-expression/4.3.2.RELEASE/spring-expression-4.3.2.RELEASE.pom
2016-10-07 13:03:17,053 [Worker-3] INFO  o.e.m.c.i.e.AbstractTransferListenerAdapter - Downloading http://repo.maven.apache.org/maven2/org/springframework/spring-core/4.3.2.RELEASE/spring-core-4.3.2.RELEASE.jar
2016-10-07 13:03:17,664 [Worker-3] INFO  o.e.m.c.i.e.AbstractTransferListenerAdapter - Downloaded http://repo.maven.apache.org/maven2/org/springframework/spring-core/4.3.2.RELEASE/spring-core-4.3.2.RELEASE.jar
2016-10-07 13:03:17,686 [Worker-3] INFO  o.e.m.c.i.e.AbstractTransferListenerAdapter - Downloading http://repo.maven.apache.org/maven2/commons-logging/commons-logging/1.2/commons-logging-1.2.jar
2016-10-07 13:03:17,786 [Worker-3] INFO  o.e.m.c.i.e.AbstractTransferListenerAdapter - Downloaded http://repo.maven.apache.org/maven2/commons-logging/commons-logging/1.2/commons-logging-1.2.jar
2016-10-07 13:03:17,818 [Worker-3] INFO  o.e.m.c.i.e.AbstractTransferListenerAdapter - Downloading http://repo.maven.apache.org/maven2/org/springframework/spring-context/4.3.2.RELEASE/spring-context-4.3.2.RELEASE.jar
2016-10-07 13:03:18,250 [Worker-3] INFO  o.e.m.c.i.e.AbstractTransferListenerAdapter - Downloaded http://repo.maven.apache.org/maven2/org/springframework/spring-context/4.3.2.RELEASE/spring-context-4.3.2.RELEASE.jar
2016-10-07 13:03:18,711 [Worker-3] INFO  o.e.m.c.i.e.AbstractTransferListenerAdapter - Downloading http://repo.maven.apache.org/maven2/org/springframework/spring-aop/4.3.2.RELEASE/spring-aop-4.3.2.RELEASE.jar
2016-10-07 13:03:18,852 [Worker-3] INFO  o.e.m.c.i.e.AbstractTransferListenerAdapter - Downloaded http://repo.maven.apache.org/maven2/org/springframework/spring-aop/4.3.2.RELEASE/spring-aop-4.3.2.RELEASE.jar
2016-10-07 13:03:18,882 [Worker-3] INFO  o.e.m.c.i.e.AbstractTransferListenerAdapter - Downloading http://repo.maven.apache.org/maven2/org/springframework/spring-beans/4.3.2.RELEASE/spring-beans-4.3.2.RELEASE.jar
2016-10-07 13:03:19,116 [Worker-3] INFO  o.e.m.c.i.e.AbstractTransferListenerAdapter - Downloaded http://repo.maven.apache.org/maven2/org/springframework/spring-beans/4.3.2.RELEASE/spring-beans-4.3.2.RELEASE.jar
2016-10-07 13:03:19,140 [Worker-3] INFO  o.e.m.c.i.e.AbstractTransferListenerAdapter - Downloading http://repo.maven.apache.org/maven2/org/springframework/spring-expression/4.3.2.RELEASE/spring-expression-4.3.2.RELEASE.jar
2016-10-07 13:03:19,250 [Worker-3] INFO  o.e.m.c.i.e.AbstractTransferListenerAdapter - Downloaded http://repo.maven.apache.org/maven2/org/springframework/spring-expression/4.3.2.RELEASE/spring-expression-4.3.2.RELEASE.jar
2016-10-07 13:03:19,739 [Worker-3] WARN  o.e.m.c.i.embedder.EclipseLogger - Using platform encoding (MacRoman actually) to copy filtered resources, i.e. build is platform dependent!
2016-10-07 13:03:19,744 [Worker-3] INFO  o.e.m.c.i.embedder.EclipseLogger - Copying 8 resources
2016-10-07 13:03:19,775 [Worker-3] WARN  o.e.m.c.i.embedder.EclipseLogger - Using platform encoding (MacRoman actually) to copy filtered resources, i.e. build is platform dependent!
2016-10-07 13:03:19,776 [Worker-3] INFO  o.e.m.c.i.embedder.EclipseLogger - Copying 0 resource
2016-10-07 13:03:20,535 [Worker-8] INFO  o.e.m.c.i.l.LifecycleMappingFactory - Using org.eclipse.m2e.jdt.JarLifecycleMapping lifecycle mapping for MavenProject: com.n2s.springproject:springproject:0.0.1-SNAPSHOT @ /Volumes/NO NAME/Vinoth/Spring/springproject/pom.xml.
2016-10-07 13:03:20,604 [Worker-8] INFO  o.e.m.c.i.l.LifecycleMappingFactory - Using org.eclipse.m2e.jdt.JarLifecycleMapping lifecycle mapping for MavenProject: com.n2s.springproject:springproject:0.0.1-SNAPSHOT @ /Volumes/NO NAME/Vinoth/Spring/springproject/pom.xml.
2016-10-07 13:03:21,046 [Worker-5] WARN  o.e.m.c.i.embedder.EclipseLogger - Using platform encoding (MacRoman actually) to copy filtered resources, i.e. build is platform dependent!
2016-10-07 13:03:21,199 [Worker-5] INFO  o.e.m.c.i.embedder.EclipseLogger - Copying 8 resources
2016-10-07 13:03:21,203 [Worker-5] WARN  o.e.m.c.i.embedder.EclipseLogger - Using platform encoding (MacRoman actually) to copy filtered resources, i.e. build is platform dependent!
2016-10-07 13:03:21,204 [Worker-5] INFO  o.e.m.c.i.embedder.EclipseLogger - Copying 0 resource
2016-10-07 13:07:45,207 [Worker-12] WARN  o.e.m.c.i.embedder.EclipseLogger - Using platform encoding (MacRoman actually) to copy filtered resources, i.e. build is platform dependent!
2016-10-07 13:07:45,208 [Worker-12] INFO  o.e.m.c.i.embedder.EclipseLogger - Copying 0 resource
2016-10-07 13:07:45,210 [Worker-12] WARN  o.e.m.c.i.embedder.EclipseLogger - Using platform encoding (MacRoman actually) to copy filtered resources, i.e. build is platform dependent!
2016-10-07 13:07:45,210 [Worker-12] INFO  o.e.m.c.i.embedder.EclipseLogger - Copying 0 resource
2016-10-07 13:09:28,646 [Worker-11] WARN  o.e.m.c.i.embedder.EclipseLogger - Using platform encoding (MacRoman actually) to copy filtered resources, i.e. build is platform dependent!
2016-10-07 13:09:28,647 [Worker-11] INFO  o.e.m.c.i.embedder.EclipseLogger - Copying 0 resource
2016-10-07 13:09:28,648 [Worker-11] WARN  o.e.m.c.i.embedder.EclipseLogger - Using platform encoding (MacRoman actually) to copy filtered resources, i.e. build is platform dependent!
2016-10-07 13:09:28,655 [Worker-11] INFO  o.e.m.c.i.embedder.EclipseLogger - Copying 0 resource
2016-10-07 13:09:47,897 [Worker-9] WARN  o.e.m.c.i.embedder.EclipseLogger - Using platform encoding (MacRoman actually) to copy filtered resources, i.e. build is platform dependent!
2016-10-07 13:09:47,898 [Worker-9] INFO  o.e.m.c.i.embedder.EclipseLogger - Copying 0 resource
2016-10-07 13:09:47,899 [Worker-9] WARN  o.e.m.c.i.embedder.EclipseLogger - Using platform encoding (MacRoman actually) to copy filtered resources, i.e. build is platform dependent!
2016-10-07 13:09:47,905 [Worker-9] INFO  o.e.m.c.i.embedder.EclipseLogger - Copying 0 resource
2016-10-07 13:11:10,804 [Worker-3] WARN  o.e.m.c.i.embedder.EclipseLogger - Using platform encoding (MacRoman actually) to copy filtered resources, i.e. build is platform dependent!
2016-10-07 13:11:10,806 [Worker-3] INFO  o.e.m.c.i.embedder.EclipseLogger - Copying 1 resource
2016-10-07 13:11:10,808 [Worker-3] WARN  o.e.m.c.i.embedder.EclipseLogger - Using platform encoding (MacRoman actually) to copy filtered resources, i.e. build is platform dependent!
2016-10-07 13:11:10,812 [Worker-3] INFO  o.e.m.c.i.embedder.EclipseLogger - Copying 0 resource
2016-10-07 13:12:27,517 [Worker-1] WARN  o.e.m.c.i.embedder.EclipseLogger - Using platform encoding (MacRoman actually) to copy filtered resources, i.e. build is platform dependent!
2016-10-07 13:12:27,519 [Worker-1] INFO  o.e.m.c.i.embedder.EclipseLogger - Copying 1 resource
2016-10-07 13:12:27,522 [Worker-1] WARN  o.e.m.c.i.embedder.EclipseLogger - Using platform encoding (MacRoman actually) to copy filtered resources, i.e. build is platform dependent!
2016-10-07 13:12:27,526 [Worker-1] INFO  o.e.m.c.i.embedder.EclipseLogger - Copying 0 resource
2016-10-07 13:12:58,102 [Worker-12] WARN  o.e.m.c.i.embedder.EclipseLogger - Using platform encoding (MacRoman actually) to copy filtered resources, i.e. build is platform dependent!
2016-10-07 13:12:58,103 [Worker-12] INFO  o.e.m.c.i.embedder.EclipseLogger - Copying 1 resource
2016-10-07 13:12:58,107 [Worker-12] WARN  o.e.m.c.i.embedder.EclipseLogger - Using platform encoding (MacRoman actually) to copy filtered resources, i.e. build is platform dependent!
2016-10-07 13:12:58,111 [Worker-12] INFO  o.e.m.c.i.embedder.EclipseLogger - Copying 0 resource
2016-10-07 13:16:31,762 [Worker-19] INFO  o.e.m.c.i.e.AbstractTransferListenerAdapter - Downloading http://repo.maven.apache.org/maven2/org/apache/maven/plugins/maven-war-plugin/2.6/maven-war-plugin-2.6.jar
2016-10-07 13:16:31,959 [Worker-19] INFO  o.e.m.c.i.e.AbstractTransferListenerAdapter - Downloaded http://repo.maven.apache.org/maven2/org/apache/maven/plugins/maven-war-plugin/2.6/maven-war-plugin-2.6.jar
2016-10-07 13:16:32,882 [Worker-19] INFO  o.e.m.c.i.l.LifecycleMappingFactory - Using org.eclipse.m2e.jdt.JarLifecycleMapping lifecycle mapping for MavenProject: CrunchifySpringMVCTutorial:CrunchifySpringMVCTutorial:0.0.1-SNAPSHOT @ /Users/Vinodkummar/Documents/Spring/SpringMVC/CrunchifySpringMVCTutorial/pom.xml.
2016-10-07 13:16:32,883 [Worker-6] INFO  o.e.m.c.i.l.LifecycleMappingFactory - Using org.eclipse.m2e.jdt.JarLifecycleMapping lifecycle mapping for MavenProject: CrunchifySpringMVCTutorial:CrunchifySpringMVCTutorial:0.0.1-SNAPSHOT @ /Users/Vinodkummar/Documents/Spring/SpringMVC/CrunchifySpringMVCTutorial/pom.xml.
2016-10-07 13:16:32,992 [Worker-19] INFO  o.e.m.c.i.e.AbstractTransferListenerAdapter - Downloading http://repo.maven.apache.org/maven2/org/springframework/spring-webmvc/4.3.2.RELEASE/spring-webmvc-4.3.2.RELEASE.pom
2016-10-07 13:16:33,059 [Worker-19] INFO  o.e.m.c.i.e.AbstractTransferListenerAdapter - Downloaded http://repo.maven.apache.org/maven2/org/springframework/spring-webmvc/4.3.2.RELEASE/spring-webmvc-4.3.2.RELEASE.pom
2016-10-07 13:16:33,097 [Worker-19] INFO  o.e.m.c.i.e.AbstractTransferListenerAdapter - Downloading http://repo.maven.apache.org/maven2/org/springframework/spring-web/4.3.2.RELEASE/spring-web-4.3.2.RELEASE.pom
2016-10-07 13:16:33,147 [Worker-19] INFO  o.e.m.c.i.e.AbstractTransferListenerAdapter - Downloaded http://repo.maven.apache.org/maven2/org/springframework/spring-web/4.3.2.RELEASE/spring-web-4.3.2.RELEASE.pom
2016-10-07 13:16:33,185 [Worker-19] INFO  o.e.m.c.i.e.AbstractTransferListenerAdapter - Downloading http://repo.maven.apache.org/maven2/jstl/jstl/1.2/jstl-1.2.pom
2016-10-07 13:16:33,240 [Worker-19] INFO  o.e.m.c.i.e.AbstractTransferListenerAdapter - Downloaded http://repo.maven.apache.org/maven2/jstl/jstl/1.2/jstl-1.2.pom
2016-10-07 13:16:33,282 [Worker-19] INFO  o.e.m.c.i.e.AbstractTransferListenerAdapter - Downloading http://repo.maven.apache.org/maven2/org/springframework/spring-webmvc/4.3.2.RELEASE/spring-webmvc-4.3.2.RELEASE.jar
2016-10-07 13:16:33,828 [Worker-19] INFO  o.e.m.c.i.e.AbstractTransferListenerAdapter - Downloaded http://repo.maven.apache.org/maven2/org/springframework/spring-webmvc/4.3.2.RELEASE/spring-webmvc-4.3.2.RELEASE.jar
2016-10-07 13:16:33,853 [Worker-19] INFO  o.e.m.c.i.e.AbstractTransferListenerAdapter - Downloading http://repo.maven.apache.org/maven2/org/springframework/spring-web/4.3.2.RELEASE/spring-web-4.3.2.RELEASE.jar
2016-10-07 13:16:34,279 [Worker-19] INFO  o.e.m.c.i.e.AbstractTransferListenerAdapter - Downloaded http://repo.maven.apache.org/maven2/org/springframework/spring-web/4.3.2.RELEASE/spring-web-4.3.2.RELEASE.jar
2016-10-07 13:16:34,304 [Worker-19] INFO  o.e.m.c.i.e.AbstractTransferListenerAdapter - Downloading http://repo.maven.apache.org/maven2/jstl/jstl/1.2/jstl-1.2.jar
2016-10-07 13:16:34,542 [Worker-19] INFO  o.e.m.c.i.e.AbstractTransferListenerAdapter - Downloaded http://repo.maven.apache.org/maven2/jstl/jstl/1.2/jstl-1.2.jar
2016-10-07 13:16:34,622 [Worker-6] WARN  o.e.m.c.i.embedder.EclipseLogger - Using platform encoding (MacRoman actually) to copy filtered resources, i.e. build is platform dependent!
2016-10-07 13:16:34,622 [Worker-6] INFO  o.e.m.c.i.embedder.EclipseLogger - skip non existing resourceDirectory /Users/Vinodkummar/Documents/Spring/SpringMVC/CrunchifySpringMVCTutorial/src/main/resources
2016-10-07 13:16:34,625 [Worker-6] WARN  o.e.m.c.i.embedder.EclipseLogger - Using platform encoding (MacRoman actually) to copy filtered resources, i.e. build is platform dependent!
2016-10-07 13:16:34,625 [Worker-6] INFO  o.e.m.c.i.embedder.EclipseLogger - skip non existing resourceDirectory /Users/Vinodkummar/Documents/Spring/SpringMVC/CrunchifySpringMVCTutorial/src/test/resources
2016-10-07 13:16:34,676 [Worker-6] INFO  o.e.m.c.i.l.LifecycleMappingFactory - Using org.eclipse.m2e.jdt.JarLifecycleMapping lifecycle mapping for MavenProject: FirstSpringMVCProject:FirstSpringMVCProject:0.0.1-SNAPSHOT @ /Users/Vinodkummar/Documents/Spring/SpringMVC/FirstSpringMVCProject/pom.xml.
2016-10-07 13:16:34,752 [Worker-6] INFO  o.e.m.c.i.e.AbstractTransferListenerAdapter - Downloading http://repo.maven.apache.org/maven2/javax/servlet/servlet-api/2.4/servlet-api-2.4.pom
2016-10-07 13:16:34,798 [Worker-6] INFO  o.e.m.c.i.e.AbstractTransferListenerAdapter - Downloaded http://repo.maven.apache.org/maven2/javax/servlet/servlet-api/2.4/servlet-api-2.4.pom
2016-10-07 13:16:34,840 [Worker-6] INFO  o.e.m.c.i.e.AbstractTransferListenerAdapter - Downloading http://repo.maven.apache.org/maven2/javax/servlet/servlet-api/2.4/servlet-api-2.4.jar
2016-10-07 13:16:34,927 [Worker-6] INFO  o.e.m.c.i.e.AbstractTransferListenerAdapter - Downloaded http://repo.maven.apache.org/maven2/javax/servlet/servlet-api/2.4/servlet-api-2.4.jar
2016-10-07 13:16:35,010 [Worker-6] WARN  o.e.m.c.i.embedder.EclipseLogger - Using platform encoding (MacRoman actually) to copy filtered resources, i.e. build is platform dependent!
2016-10-07 13:16:35,010 [Worker-6] INFO  o.e.m.c.i.embedder.EclipseLogger - skip non existing resourceDirectory /Users/Vinodkummar/Documents/Spring/SpringMVC/FirstSpringMVCProject/src/main/resources
2016-10-07 13:16:35,014 [Worker-6] WARN  o.e.m.c.i.embedder.EclipseLogger - Using platform encoding (MacRoman actually) to copy filtered resources, i.e. build is platform dependent!
2016-10-07 13:16:35,014 [Worker-6] INFO  o.e.m.c.i.embedder.EclipseLogger - skip non existing resourceDirectory /Users/Vinodkummar/Documents/Spring/SpringMVC/FirstSpringMVCProject/src/test/resources
2016-10-07 13:16:35,076 [Worker-6] INFO  o.e.m.c.i.l.LifecycleMappingFactory - Using org.eclipse.m2e.jdt.JarLifecycleMapping lifecycle mapping for MavenProject: StudentAdmissionSpringMVC:StudentAdmissionSpringMVC:0.0.1-SNAPSHOT @ /Users/Vinodkummar/Documents/Spring/SpringMVC/StudentAdmissionSpringMVC/pom.xml.
2016-10-07 13:16:35,146 [Worker-6] INFO  o.e.m.c.i.e.AbstractTransferListenerAdapter - Downloading http://repo.maven.apache.org/maven2/org/hibernate/hibernate-validator/5.2.4.Final/hibernate-validator-5.2.4.Final.pom
2016-10-07 13:16:35,193 [Worker-6] INFO  o.e.m.c.i.e.AbstractTransferListenerAdapter - Downloaded http://repo.maven.apache.org/maven2/org/hibernate/hibernate-validator/5.2.4.Final/hibernate-validator-5.2.4.Final.pom
2016-10-07 13:16:35,224 [Worker-6] INFO  o.e.m.c.i.e.AbstractTransferListenerAdapter - Downloading http://repo.maven.apache.org/maven2/org/hibernate/hibernate-validator-parent/5.2.4.Final/hibernate-validator-parent-5.2.4.Final.pom
2016-10-07 13:16:35,285 [Worker-6] INFO  o.e.m.c.i.e.AbstractTransferListenerAdapter - Downloaded http://repo.maven.apache.org/maven2/org/hibernate/hibernate-validator-parent/5.2.4.Final/hibernate-validator-parent-5.2.4.Final.pom
2016-10-07 13:16:35,320 [Worker-6] INFO  o.e.m.c.i.e.AbstractTransferListenerAdapter - Downloading http://repo.maven.apache.org/maven2/org/jboss/arquillian/arquillian-bom/1.1.9.Final/arquillian-bom-1.1.9.Final.pom
2016-10-07 13:16:35,389 [Worker-6] INFO  o.e.m.c.i.e.AbstractTransferListenerAdapter - Downloaded http://repo.maven.apache.org/maven2/org/jboss/arquillian/arquillian-bom/1.1.9.Final/arquillian-bom-1.1.9.Final.pom
2016-10-07 13:16:35,424 [Worker-6] INFO  o.e.m.c.i.e.AbstractTransferListenerAdapter - Downloading http://repo.maven.apache.org/maven2/org/jboss/shrinkwrap/shrinkwrap-bom/1.2.2/shrinkwrap-bom-1.2.2.pom
2016-10-07 13:16:35,483 [Worker-6] INFO  o.e.m.c.i.e.AbstractTransferListenerAdapter - Downloaded http://repo.maven.apache.org/maven2/org/jboss/shrinkwrap/shrinkwrap-bom/1.2.2/shrinkwrap-bom-1.2.2.pom
2016-10-07 13:16:35,518 [Worker-6] INFO  o.e.m.c.i.e.AbstractTransferListenerAdapter - Downloading http://repo.maven.apache.org/maven2/org/jboss/shrinkwrap/resolver/shrinkwrap-resolver-bom/2.1.1/shrinkwrap-resolver-bom-2.1.1.pom
2016-10-07 13:16:35,584 [Worker-6] INFO  o.e.m.c.i.e.AbstractTransferListenerAdapter - Downloaded http://repo.maven.apache.org/maven2/org/jboss/shrinkwrap/resolver/shrinkwrap-resolver-bom/2.1.1/shrinkwrap-resolver-bom-2.1.1.pom
2016-10-07 13:16:35,617 [Worker-6] INFO  o.e.m.c.i.e.AbstractTransferListenerAdapter - Downloading http://repo.maven.apache.org/maven2/org/jboss/shrinkwrap/descriptors/shrinkwrap-descriptors-bom/2.0.0-alpha-7/shrinkwrap-descriptors-bom-2.0.0-alpha-7.pom
2016-10-07 13:16:35,664 [Worker-6] INFO  o.e.m.c.i.e.AbstractTransferListenerAdapter - Downloaded http://repo.maven.apache.org/maven2/org/jboss/shrinkwrap/descriptors/shrinkwrap-descriptors-bom/2.0.0-alpha-7/shrinkwrap-descriptors-bom-2.0.0-alpha-7.pom
2016-10-07 13:16:35,696 [Worker-6] INFO  o.e.m.c.i.e.AbstractTransferListenerAdapter - Downloading http://repo.maven.apache.org/maven2/javax/validation/validation-api/1.1.0.Final/validation-api-1.1.0.Final.pom
2016-10-07 13:16:35,745 [Worker-6] INFO  o.e.m.c.i.e.AbstractTransferListenerAdapter - Downloaded http://repo.maven.apache.org/maven2/javax/validation/validation-api/1.1.0.Final/validation-api-1.1.0.Final.pom
2016-10-07 13:16:35,778 [Worker-6] INFO  o.e.m.c.i.e.AbstractTransferListenerAdapter - Downloading http://repo.maven.apache.org/maven2/org/jboss/logging/jboss-logging/3.2.1.Final/jboss-logging-3.2.1.Final.pom
2016-10-07 13:16:35,845 [Worker-6] INFO  o.e.m.c.i.e.AbstractTransferListenerAdapter - Downloaded http://repo.maven.apache.org/maven2/org/jboss/logging/jboss-logging/3.2.1.Final/jboss-logging-3.2.1.Final.pom
2016-10-07 13:16:35,879 [Worker-6] INFO  o.e.m.c.i.e.AbstractTransferListenerAdapter - Downloading http://repo.maven.apache.org/maven2/org/jboss/jboss-parent/15/jboss-parent-15.pom
2016-10-07 13:16:35,961 [Worker-6] INFO  o.e.m.c.i.e.AbstractTransferListenerAdapter - Downloaded http://repo.maven.apache.org/maven2/org/jboss/jboss-parent/15/jboss-parent-15.pom
2016-10-07 13:16:36,019 [Worker-6] INFO  o.e.m.c.i.e.AbstractTransferListenerAdapter - Downloading http://repo.maven.apache.org/maven2/com/fasterxml/classmate/1.1.0/classmate-1.1.0.pom
2016-10-07 13:16:36,073 [Worker-6] INFO  o.e.m.c.i.e.AbstractTransferListenerAdapter - Downloaded http://repo.maven.apache.org/maven2/com/fasterxml/classmate/1.1.0/classmate-1.1.0.pom
2016-10-07 13:16:36,116 [Worker-6] INFO  o.e.m.c.i.e.AbstractTransferListenerAdapter - Downloading http://repo.maven.apache.org/maven2/org/hibernate/hibernate-validator/5.2.4.Final/hibernate-validator-5.2.4.Final.jar
2016-10-07 13:16:36,420 [Worker-6] INFO  o.e.m.c.i.e.AbstractTransferListenerAdapter - Downloaded http://repo.maven.apache.org/maven2/org/hibernate/hibernate-validator/5.2.4.Final/hibernate-validator-5.2.4.Final.jar
2016-10-07 13:16:36,448 [Worker-6] INFO  o.e.m.c.i.e.AbstractTransferListenerAdapter - Downloading http://repo.maven.apache.org/maven2/javax/validation/validation-api/1.1.0.Final/validation-api-1.1.0.Final.jar
2016-10-07 13:16:36,513 [Worker-6] INFO  o.e.m.c.i.e.AbstractTransferListenerAdapter - Downloaded http://repo.maven.apache.org/maven2/javax/validation/validation-api/1.1.0.Final/validation-api-1.1.0.Final.jar
2016-10-07 13:16:36,536 [Worker-6] INFO  o.e.m.c.i.e.AbstractTransferListenerAdapter - Downloading http://repo.maven.apache.org/maven2/org/jboss/logging/jboss-logging/3.2.1.Final/jboss-logging-3.2.1.Final.jar
2016-10-07 13:16:36,604 [Worker-6] INFO  o.e.m.c.i.e.AbstractTransferListenerAdapter - Downloaded http://repo.maven.apache.org/maven2/org/jboss/logging/jboss-logging/3.2.1.Final/jboss-logging-3.2.1.Final.jar
2016-10-07 13:16:36,628 [Worker-6] INFO  o.e.m.c.i.e.AbstractTransferListenerAdapter - Downloading http://repo.maven.apache.org/maven2/com/fasterxml/classmate/1.1.0/classmate-1.1.0.jar
2016-10-07 13:16:36,697 [Worker-6] INFO  o.e.m.c.i.e.AbstractTransferListenerAdapter - Downloaded http://repo.maven.apache.org/maven2/com/fasterxml/classmate/1.1.0/classmate-1.1.0.jar
2016-10-07 13:16:36,821 [Worker-6] WARN  o.e.m.c.i.embedder.EclipseLogger - Using platform encoding (MacRoman actually) to copy filtered resources, i.e. build is platform dependent!
2016-10-07 13:16:36,821 [Worker-6] INFO  o.e.m.c.i.embedder.EclipseLogger - skip non existing resourceDirectory /Users/Vinodkummar/Documents/Spring/SpringMVC/StudentAdmissionSpringMVC/src/main/resources
2016-10-07 13:16:36,823 [Worker-6] WARN  o.e.m.c.i.embedder.EclipseLogger - Using platform encoding (MacRoman actually) to copy filtered resources, i.e. build is platform dependent!
2016-10-07 13:16:36,824 [Worker-6] INFO  o.e.m.c.i.embedder.EclipseLogger - skip non existing resourceDirectory /Users/Vinodkummar/Documents/Spring/SpringMVC/StudentAdmissionSpringMVC/src/test/resources
2016-10-07 13:16:37,657 [Worker-18] INFO  o.e.m.c.i.l.LifecycleMappingFactory - Using org.eclipse.m2e.jdt.JarLifecycleMapping lifecycle mapping for MavenProject: CrunchifySpringMVCTutorial:CrunchifySpringMVCTutorial:0.0.1-SNAPSHOT @ /Users/Vinodkummar/Documents/Spring/SpringMVC/CrunchifySpringMVCTutorial/pom.xml.
2016-10-07 13:16:37,720 [Worker-18] INFO  o.e.m.c.i.l.LifecycleMappingFactory - Using org.eclipse.m2e.jdt.JarLifecycleMapping lifecycle mapping for MavenProject: StudentAdmissionSpringMVC:StudentAdmissionSpringMVC:0.0.1-SNAPSHOT @ /Users/Vinodkummar/Documents/Spring/SpringMVC/StudentAdmissionSpringMVC/pom.xml.
2016-10-07 13:16:37,805 [Worker-18] INFO  o.e.m.c.i.l.LifecycleMappingFactory - Using org.eclipse.m2e.jdt.JarLifecycleMapping lifecycle mapping for MavenProject: FirstSpringMVCProject:FirstSpringMVCProject:0.0.1-SNAPSHOT @ /Users/Vinodkummar/Documents/Spring/SpringMVC/FirstSpringMVCProject/pom.xml.
2016-10-07 13:16:38,063 [Worker-21] WARN  o.e.m.c.i.embedder.EclipseLogger - Using platform encoding (MacRoman actually) to copy filtered resources, i.e. build is platform dependent!
2016-10-07 13:16:38,063 [Worker-21] INFO  o.e.m.c.i.embedder.EclipseLogger - skip non existing resourceDirectory /Users/Vinodkummar/Documents/Spring/SpringMVC/CrunchifySpringMVCTutorial/src/main/resources
2016-10-07 13:16:38,065 [Worker-21] WARN  o.e.m.c.i.embedder.EclipseLogger - Using platform encoding (MacRoman actually) to copy filtered resources, i.e. build is platform dependent!
2016-10-07 13:16:38,072 [Worker-21] INFO  o.e.m.c.i.embedder.EclipseLogger - skip non existing resourceDirectory /Users/Vinodkummar/Documents/Spring/SpringMVC/CrunchifySpringMVCTutorial/src/test/resources
2016-10-07 13:16:38,241 [Worker-21] WARN  o.e.m.c.i.embedder.EclipseLogger - Using platform encoding (MacRoman actually) to copy filtered resources, i.e. build is platform dependent!
2016-10-07 13:16:38,241 [Worker-21] INFO  o.e.m.c.i.embedder.EclipseLogger - skip non existing resourceDirectory /Users/Vinodkummar/Documents/Spring/SpringMVC/FirstSpringMVCProject/src/main/resources
2016-10-07 13:16:38,243 [Worker-21] WARN  o.e.m.c.i.embedder.EclipseLogger - Using platform encoding (MacRoman actually) to copy filtered resources, i.e. build is platform dependent!
2016-10-07 13:16:38,250 [Worker-21] INFO  o.e.m.c.i.embedder.EclipseLogger - skip non existing resourceDirectory /Users/Vinodkummar/Documents/Spring/SpringMVC/FirstSpringMVCProject/src/test/resources
2016-10-07 13:16:38,397 [Worker-21] WARN  o.e.m.c.i.embedder.EclipseLogger - Using platform encoding (MacRoman actually) to copy filtered resources, i.e. build is platform dependent!
2016-10-07 13:16:38,398 [Worker-21] INFO  o.e.m.c.i.embedder.EclipseLogger - skip non existing resourceDirectory /Users/Vinodkummar/Documents/Spring/SpringMVC/StudentAdmissionSpringMVC/src/main/resources
2016-10-07 13:16:38,411 [Worker-21] WARN  o.e.m.c.i.embedder.EclipseLogger - Using platform encoding (MacRoman actually) to copy filtered resources, i.e. build is platform dependent!
2016-10-07 13:16:38,412 [Worker-21] INFO  o.e.m.c.i.embedder.EclipseLogger - skip non existing resourceDirectory /Users/Vinodkummar/Documents/Spring/SpringMVC/StudentAdmissionSpringMVC/src/test/resources
2016-10-07 13:17:28,135 [Worker-6] INFO  o.e.m.c.i.l.LifecycleMappingFactory - Using org.eclipse.m2e.jdt.JarLifecycleMapping lifecycle mapping for MavenProject: FirstSpringMVCProject:FirstSpringMVCProject:0.0.1-SNAPSHOT @ /Users/Vinodkummar/Documents/Spring/SpringMVC/FirstSpringMVCProject/pom.xml.
2016-10-07 13:17:28,207 [Worker-6] WARN  o.e.m.c.i.embedder.EclipseLogger - Using platform encoding (MacRoman actually) to copy filtered resources, i.e. build is platform dependent!
2016-10-07 13:17:28,208 [Worker-6] INFO  o.e.m.c.i.embedder.EclipseLogger - skip non existing resourceDirectory /Users/Vinodkummar/Documents/Spring/SpringMVC/FirstSpringMVCProject/src/main/resources
2016-10-07 13:17:28,209 [Worker-6] WARN  o.e.m.c.i.embedder.EclipseLogger - Using platform encoding (MacRoman actually) to copy filtered resources, i.e. build is platform dependent!
2016-10-07 13:17:28,210 [Worker-6] INFO  o.e.m.c.i.embedder.EclipseLogger - skip non existing resourceDirectory /Users/Vinodkummar/Documents/Spring/SpringMVC/FirstSpringMVCProject/src/test/resources
2016-10-07 13:18:06,506 [Worker-22] INFO  o.e.m.c.i.l.LifecycleMappingFactory - Using org.eclipse.m2e.jdt.JarLifecycleMapping lifecycle mapping for MavenProject: FirstSpringMVCProject:FirstSpringMVCProject:0.0.1-SNAPSHOT @ /Users/Vinodkummar/Documents/Spring/SpringMVC/FirstSpringMVCProject/pom.xml.
2016-10-07 13:18:06,642 [Worker-22] WARN  o.e.m.c.i.embedder.EclipseLogger - Using platform encoding (MacRoman actually) to copy filtered resources, i.e. build is platform dependent!
2016-10-07 13:18:06,647 [Worker-22] INFO  o.e.m.c.i.embedder.EclipseLogger - skip non existing resourceDirectory /Users/Vinodkummar/Documents/Spring/SpringMVC/FirstSpringMVCProject/src/main/resources
2016-10-07 13:18:06,655 [Worker-22] WARN  o.e.m.c.i.embedder.EclipseLogger - Using platform encoding (MacRoman actually) to copy filtered resources, i.e. build is platform dependent!
2016-10-07 13:18:06,655 [Worker-22] INFO  o.e.m.c.i.embedder.EclipseLogger - skip non existing resourceDirectory /Users/Vinodkummar/Documents/Spring/SpringMVC/FirstSpringMVCProject/src/test/resources
2016-10-07 13:18:32,348 [Worker-24] INFO  o.e.m.c.i.p.ProjectConfigurationManager - Update started
2016-10-07 13:18:32,407 [Worker-24] INFO  o.e.m.c.i.l.LifecycleMappingFactory - Using org.eclipse.m2e.jdt.JarLifecycleMapping lifecycle mapping for MavenProject: FirstSpringMVCProject:FirstSpringMVCProject:0.0.1-SNAPSHOT @ /Users/Vinodkummar/Documents/Spring/SpringMVC/FirstSpringMVCProject/pom.xml.
2016-10-07 13:18:32,465 [Worker-24] INFO  o.e.m.j.i.AbstractJavaProjectConfigurator - Adding source folder /FirstSpringMVCProject/src
2016-10-07 13:18:32,465 [Worker-24] INFO  o.e.m.j.i.AbstractJavaProjectConfigurator - Not adding source folder /FirstSpringMVCProject/src/test/java because it overlaps with /FirstSpringMVCProject/src
2016-10-07 13:18:32,576 [Worker-24] INFO  o.e.m.c.i.l.LifecycleMappingFactory - Using org.eclipse.m2e.jdt.JarLifecycleMapping lifecycle mapping for MavenProject: FirstSpringMVCProject:FirstSpringMVCProject:0.0.1-SNAPSHOT @ /Users/Vinodkummar/Documents/Spring/SpringMVC/FirstSpringMVCProject/pom.xml.
2016-10-07 13:18:32,616 [Worker-24] INFO  o.e.m.c.i.p.ProjectConfigurationManager - Update completed: 0 sec
2016-10-07 13:18:33,157 [Worker-22] WARN  o.e.m.c.i.embedder.EclipseLogger - Using platform encoding (MacRoman actually) to copy filtered resources, i.e. build is platform dependent!
2016-10-07 13:18:33,158 [Worker-22] INFO  o.e.m.c.i.embedder.EclipseLogger - skip non existing resourceDirectory /Users/Vinodkummar/Documents/Spring/SpringMVC/FirstSpringMVCProject/src/main/resources
2016-10-07 13:18:33,160 [Worker-22] WARN  o.e.m.c.i.embedder.EclipseLogger - Using platform encoding (MacRoman actually) to copy filtered resources, i.e. build is platform dependent!
2016-10-07 13:18:33,161 [Worker-22] INFO  o.e.m.c.i.embedder.EclipseLogger - skip non existing resourceDirectory /Users/Vinodkummar/Documents/Spring/SpringMVC/FirstSpringMVCProject/src/test/resources
2016-10-07 13:22:26,591 [Worker-3] INFO  o.e.m.c.i.l.LifecycleMappingFactory - Using org.eclipse.m2e.jdt.JarLifecycleMapping lifecycle mapping for MavenProject: FirstSpringMVCProject:FirstSpringMVCProject:0.0.1-SNAPSHOT @ /Users/Vinodkummar/Documents/Spring/SpringMVC/FirstSpringMVCProject/pom.xml.
2016-10-07 13:22:26,696 [Worker-3] WARN  o.e.m.c.i.embedder.EclipseLogger - Using platform encoding (MacRoman actually) to copy filtered resources, i.e. build is platform dependent!
2016-10-07 13:22:26,698 [Worker-3] INFO  o.e.m.c.i.embedder.EclipseLogger - skip non existing resourceDirectory /Users/Vinodkummar/Documents/Spring/SpringMVC/FirstSpringMVCProject/src/main/resources
2016-10-07 13:22:26,701 [Worker-3] WARN  o.e.m.c.i.embedder.EclipseLogger - Using platform encoding (MacRoman actually) to copy filtered resources, i.e. build is platform dependent!
2016-10-07 13:22:26,702 [Worker-3] INFO  o.e.m.c.i.embedder.EclipseLogger - skip non existing resourceDirectory /Users/Vinodkummar/Documents/Spring/SpringMVC/FirstSpringMVCProject/src/test/resources
2016-10-07 13:25:00,229 [Worker-23] INFO  o.e.m.c.i.l.LifecycleMappingFactory - Using org.eclipse.m2e.jdt.JarLifecycleMapping lifecycle mapping for MavenProject: FirstSpringMVCProject:FirstSpringMVCProject:0.0.1-SNAPSHOT @ /Users/Vinodkummar/Documents/Spring/SpringMVC/FirstSpringMVCProject/pom.xml.
2016-10-07 13:25:00,345 [Worker-23] WARN  o.e.m.c.i.embedder.EclipseLogger - Using platform encoding (MacRoman actually) to copy filtered resources, i.e. build is platform dependent!
2016-10-07 13:25:00,346 [Worker-23] INFO  o.e.m.c.i.embedder.EclipseLogger - skip non existing resourceDirectory /Users/Vinodkummar/Documents/Spring/SpringMVC/FirstSpringMVCProject/src/main/resources
2016-10-07 13:25:00,348 [Worker-23] WARN  o.e.m.c.i.embedder.EclipseLogger - Using platform encoding (MacRoman actually) to copy filtered resources, i.e. build is platform dependent!
2016-10-07 13:25:00,348 [Worker-23] INFO  o.e.m.c.i.embedder.EclipseLogger - skip non existing resourceDirectory /Users/Vinodkummar/Documents/Spring/SpringMVC/FirstSpringMVCProject/src/test/resources
2016-10-07 13:25:18,618 [Worker-6] WARN  o.e.m.c.i.embedder.EclipseLogger - Using platform encoding (MacRoman actually) to copy filtered resources, i.e. build is platform dependent!
2016-10-07 13:25:18,619 [Worker-6] INFO  o.e.m.c.i.embedder.EclipseLogger - skip non existing resourceDirectory /Users/Vinodkummar/Documents/Spring/SpringMVC/FirstSpringMVCProject/src/main/resources
2016-10-07 13:25:18,620 [Worker-6] WARN  o.e.m.c.i.embedder.EclipseLogger - Using platform encoding (MacRoman actually) to copy filtered resources, i.e. build is platform dependent!
2016-10-07 13:25:18,621 [Worker-6] INFO  o.e.m.c.i.embedder.EclipseLogger - skip non existing resourceDirectory /Users/Vinodkummar/Documents/Spring/SpringMVC/FirstSpringMVCProject/src/test/resources
2016-10-07 13:28:01,677 [Worker-26] INFO  o.e.m.c.i.l.LifecycleMappingFactory - Using org.eclipse.m2e.jdt.JarLifecycleMapping lifecycle mapping for MavenProject: StudentAdmissionSpringMVC:StudentAdmissionSpringMVC:0.0.1-SNAPSHOT @ /Users/Vinodkummar/Documents/Spring/SpringMVC/StudentAdmissionSpringMVC/pom.xml.
2016-10-07 13:28:01,923 [Worker-26] WARN  o.e.m.c.i.embedder.EclipseLogger - Using platform encoding (MacRoman actually) to copy filtered resources, i.e. build is platform dependent!
2016-10-07 13:28:01,924 [Worker-26] INFO  o.e.m.c.i.embedder.EclipseLogger - skip non existing resourceDirectory /Users/Vinodkummar/Documents/Spring/SpringMVC/StudentAdmissionSpringMVC/src/main/resources
2016-10-07 13:28:01,925 [Worker-26] WARN  o.e.m.c.i.embedder.EclipseLogger - Using platform encoding (MacRoman actually) to copy filtered resources, i.e. build is platform dependent!
2016-10-07 13:28:01,926 [Worker-26] INFO  o.e.m.c.i.embedder.EclipseLogger - skip non existing resourceDirectory /Users/Vinodkummar/Documents/Spring/SpringMVC/StudentAdmissionSpringMVC/src/test/resources
2016-10-07 13:28:55,835 [Worker-18] INFO  o.e.m.c.i.l.LifecycleMappingFactory - Using org.eclipse.m2e.jdt.JarLifecycleMapping lifecycle mapping for MavenProject: CrunchifySpringMVCTutorial:CrunchifySpringMVCTutorial:0.0.1-SNAPSHOT @ /Users/Vinodkummar/Documents/Spring/SpringMVC/CrunchifySpringMVCTutorial/pom.xml.
2016-10-07 13:28:55,921 [Worker-18] WARN  o.e.m.c.i.embedder.EclipseLogger - Using platform encoding (MacRoman actually) to copy filtered resources, i.e. build is platform dependent!
2016-10-07 13:28:55,922 [Worker-18] INFO  o.e.m.c.i.embedder.EclipseLogger - skip non existing resourceDirectory /Users/Vinodkummar/Documents/Spring/SpringMVC/CrunchifySpringMVCTutorial/src/main/resources
2016-10-07 13:28:55,924 [Worker-18] WARN  o.e.m.c.i.embedder.EclipseLogger - Using platform encoding (MacRoman actually) to copy filtered resources, i.e. build is platform dependent!
2016-10-07 13:28:55,924 [Worker-18] INFO  o.e.m.c.i.embedder.EclipseLogger - skip non existing resourceDirectory /Users/Vinodkummar/Documents/Spring/SpringMVC/CrunchifySpringMVCTutorial/src/test/resources
2016-10-07 13:28:56,044 [Worker-18] WARN  o.e.m.c.i.embedder.EclipseLogger - Using platform encoding (MacRoman actually) to copy filtered resources, i.e. build is platform dependent!
2016-10-07 13:28:56,045 [Worker-18] INFO  o.e.m.c.i.embedder.EclipseLogger - skip non existing resourceDirectory /Users/Vinodkummar/Documents/Spring/SpringMVC/StudentAdmissionSpringMVC/src/main/resources
2016-10-07 13:28:56,051 [Worker-18] WARN  o.e.m.c.i.embedder.EclipseLogger - Using platform encoding (MacRoman actually) to copy filtered resources, i.e. build is platform dependent!
2016-10-07 13:28:56,052 [Worker-18] INFO  o.e.m.c.i.embedder.EclipseLogger - skip non existing resourceDirectory /Users/Vinodkummar/Documents/Spring/SpringMVC/StudentAdmissionSpringMVC/src/test/resources
2016-10-07 18:12:44,650 [Worker-55] WARN  o.e.m.c.i.embedder.EclipseLogger - Using platform encoding (MacRoman actually) to copy filtered resources, i.e. build is platform dependent!
2016-10-07 18:12:44,651 [Worker-55] INFO  o.e.m.c.i.embedder.EclipseLogger - skip non existing resourceDirectory /Users/Vinodkummar/Documents/Spring/SpringMVC/StudentAdmissionSpringMVC/src/main/resources
2016-10-07 18:12:44,653 [Worker-55] WARN  o.e.m.c.i.embedder.EclipseLogger - Using platform encoding (MacRoman actually) to copy filtered resources, i.e. build is platform dependent!
2016-10-07 18:12:44,653 [Worker-55] INFO  o.e.m.c.i.embedder.EclipseLogger - skip non existing resourceDirectory /Users/Vinodkummar/Documents/Spring/SpringMVC/StudentAdmissionSpringMVC/src/test/resources
2016-10-07 18:12:51,714 [Worker-65] WARN  o.e.m.c.i.embedder.EclipseLogger - Using platform encoding (MacRoman actually) to copy filtered resources, i.e. build is platform dependent!
2016-10-07 18:12:51,715 [Worker-65] INFO  o.e.m.c.i.embedder.EclipseLogger - skip non existing resourceDirectory /Users/Vinodkummar/Documents/Spring/SpringMVC/StudentAdmissionSpringMVC/src/main/resources
2016-10-07 18:12:51,717 [Worker-65] WARN  o.e.m.c.i.embedder.EclipseLogger - Using platform encoding (MacRoman actually) to copy filtered resources, i.e. build is platform dependent!
2016-10-07 18:12:51,723 [Worker-65] INFO  o.e.m.c.i.embedder.EclipseLogger - skip non existing resourceDirectory /Users/Vinodkummar/Documents/Spring/SpringMVC/StudentAdmissionSpringMVC/src/test/resources
2016-10-07 18:13:07,219 [Worker-69] WARN  o.e.m.c.i.embedder.EclipseLogger - Using platform encoding (MacRoman actually) to copy filtered resources, i.e. build is platform dependent!
2016-10-07 18:13:07,220 [Worker-69] INFO  o.e.m.c.i.embedder.EclipseLogger - skip non existing resourceDirectory /Users/Vinodkummar/Documents/Spring/SpringMVC/StudentAdmissionSpringMVC/src/main/resources
2016-10-07 18:13:07,222 [Worker-69] WARN  o.e.m.c.i.embedder.EclipseLogger - Using platform encoding (MacRoman actually) to copy filtered resources, i.e. build is platform dependent!
2016-10-07 18:13:07,222 [Worker-69] INFO  o.e.m.c.i.embedder.EclipseLogger - skip non existing resourceDirectory /Users/Vinodkummar/Documents/Spring/SpringMVC/StudentAdmissionSpringMVC/src/test/resources
2016-10-07 18:14:12,614 [Worker-66] WARN  o.e.m.c.i.embedder.EclipseLogger - Using platform encoding (MacRoman actually) to copy filtered resources, i.e. build is platform dependent!
2016-10-07 18:14:12,614 [Worker-66] INFO  o.e.m.c.i.embedder.EclipseLogger - skip non existing resourceDirectory /Users/Vinodkummar/Documents/Spring/SpringMVC/StudentAdmissionSpringMVC/src/main/resources
2016-10-07 18:14:12,616 [Worker-66] WARN  o.e.m.c.i.embedder.EclipseLogger - Using platform encoding (MacRoman actually) to copy filtered resources, i.e. build is platform dependent!
2016-10-07 18:14:12,622 [Worker-66] INFO  o.e.m.c.i.embedder.EclipseLogger - skip non existing resourceDirectory /Users/Vinodkummar/Documents/Spring/SpringMVC/StudentAdmissionSpringMVC/src/test/resources
2016-10-09 15:24:26,017 [Worker-110] WARN  o.e.m.c.i.embedder.EclipseLogger - Using platform encoding (MacRoman actually) to copy filtered resources, i.e. build is platform dependent!
2016-10-09 15:24:26,019 [Worker-110] INFO  o.e.m.c.i.embedder.EclipseLogger - skip non existing resourceDirectory /Users/Vinodkummar/Documents/Spring/SpringMVC/StudentAdmissionSpringMVC/src/main/resources
2016-10-09 15:24:26,023 [Worker-110] WARN  o.e.m.c.i.embedder.EclipseLogger - Using platform encoding (MacRoman actually) to copy filtered resources, i.e. build is platform dependent!
2016-10-09 15:24:26,024 [Worker-110] INFO  o.e.m.c.i.embedder.EclipseLogger - skip non existing resourceDirectory /Users/Vinodkummar/Documents/Spring/SpringMVC/StudentAdmissionSpringMVC/src/test/resources
2016-10-09 15:55:16,226 [Worker-141] WARN  o.e.m.c.i.embedder.EclipseLogger - Using platform encoding (MacRoman actually) to copy filtered resources, i.e. build is platform dependent!
2016-10-09 15:55:16,235 [Worker-141] INFO  o.e.m.c.i.embedder.EclipseLogger - skip non existing resourceDirectory /Users/Vinodkummar/Documents/Spring/SpringMVC/StudentAdmissionSpringMVC/src/main/resources
2016-10-09 15:55:16,237 [Worker-141] WARN  o.e.m.c.i.embedder.EclipseLogger - Using platform encoding (MacRoman actually) to copy filtered resources, i.e. build is platform dependent!
2016-10-09 15:55:16,237 [Worker-141] INFO  o.e.m.c.i.embedder.EclipseLogger - skip non existing resourceDirectory /Users/Vinodkummar/Documents/Spring/SpringMVC/StudentAdmissionSpringMVC/src/test/resources
2016-10-09 15:58:27,691 [Worker-141] INFO  o.e.m.c.i.e.AbstractTransferListenerAdapter - Downloading http://repo.maven.apache.org/maven2/org/springframework/spring-webmvc/4.3.2.RELEASE/spring-webmvc-4.3.2.RELEASE-sources.jar
2016-10-09 15:58:27,915 [Worker-141] INFO  o.e.m.c.i.e.AbstractTransferListenerAdapter - Downloaded http://repo.maven.apache.org/maven2/org/springframework/spring-webmvc/4.3.2.RELEASE/spring-webmvc-4.3.2.RELEASE-sources.jar
2016-10-09 15:58:27,934 [Worker-141] INFO  o.e.m.j.internal.DownloadSourcesJob - Downloaded sources for org.springframework:spring-webmvc:4.3.2.RELEASE
2016-10-09 15:58:28,122 [Worker-134] WARN  o.e.m.c.i.embedder.EclipseLogger - Using platform encoding (MacRoman actually) to copy filtered resources, i.e. build is platform dependent!
2016-10-09 15:58:28,123 [Worker-134] INFO  o.e.m.c.i.embedder.EclipseLogger - skip non existing resourceDirectory /Users/Vinodkummar/Documents/Spring/SpringMVC/StudentAdmissionSpringMVC/src/main/resources
2016-10-09 15:58:28,124 [Worker-134] WARN  o.e.m.c.i.embedder.EclipseLogger - Using platform encoding (MacRoman actually) to copy filtered resources, i.e. build is platform dependent!
2016-10-09 15:58:28,131 [Worker-134] INFO  o.e.m.c.i.embedder.EclipseLogger - skip non existing resourceDirectory /Users/Vinodkummar/Documents/Spring/SpringMVC/StudentAdmissionSpringMVC/src/test/resources
2016-10-17 00:15:44,756 [Worker-664] WARN  o.e.m.c.i.embedder.EclipseLogger - Using platform encoding (MacRoman actually) to copy filtered resources, i.e. build is platform dependent!
2016-10-17 00:15:44,761 [Worker-664] INFO  o.e.m.c.i.embedder.EclipseLogger - skip non existing resourceDirectory /Users/Vinodkummar/Documents/Spring/SpringMVC/StudentAdmissionSpringMVC/src/main/resources
2016-10-17 00:15:44,766 [Worker-664] WARN  o.e.m.c.i.embedder.EclipseLogger - Using platform encoding (MacRoman actually) to copy filtered resources, i.e. build is platform dependent!
2016-10-17 00:15:44,767 [Worker-664] INFO  o.e.m.c.i.embedder.EclipseLogger - skip non existing resourceDirectory /Users/Vinodkummar/Documents/Spring/SpringMVC/StudentAdmissionSpringMVC/src/test/resources
2016-10-19 18:32:11,726 [Worker-4] WARN  o.e.m.c.i.embedder.EclipseLogger - Using platform encoding (MacRoman actually) to copy filtered resources, i.e. build is platform dependent!
2016-10-19 18:32:11,755 [Worker-4] INFO  o.e.m.c.i.embedder.EclipseLogger - skip non existing resourceDirectory /Users/Vinodkummar/Documents/Spring/SpringMVC/StudentAdmissionSpringMVC/src/main/resources
2016-10-19 18:32:11,759 [Worker-4] WARN  o.e.m.c.i.embedder.EclipseLogger - Using platform encoding (MacRoman actually) to copy filtered resources, i.e. build is platform dependent!
2016-10-19 18:32:11,759 [Worker-4] INFO  o.e.m.c.i.embedder.EclipseLogger - skip non existing resourceDirectory /Users/Vinodkummar/Documents/Spring/SpringMVC/StudentAdmissionSpringMVC/src/test/resources
2016-10-21 12:55:52,175 [Worker-2] WARN  o.e.m.c.i.embedder.EclipseLogger - Using platform encoding (MacRoman actually) to copy filtered resources, i.e. build is platform dependent!
2016-10-21 12:55:52,189 [Worker-2] INFO  o.e.m.c.i.embedder.EclipseLogger - skip non existing resourceDirectory /Users/Vinodkummar/Documents/Spring/SpringMVC/StudentAdmissionSpringMVC/src/main/resources
2016-10-21 12:55:52,192 [Worker-2] WARN  o.e.m.c.i.embedder.EclipseLogger - Using platform encoding (MacRoman actually) to copy filtered resources, i.e. build is platform dependent!
2016-10-21 12:55:52,192 [Worker-2] INFO  o.e.m.c.i.embedder.EclipseLogger - skip non existing resourceDirectory /Users/Vinodkummar/Documents/Spring/SpringMVC/StudentAdmissionSpringMVC/src/test/resources
2016-10-24 15:47:23,184 [Worker-7] WARN  o.e.m.c.i.embedder.EclipseLogger - Using platform encoding (MacRoman actually) to copy filtered resources, i.e. build is platform dependent!
2016-10-24 15:47:23,200 [Worker-7] INFO  o.e.m.c.i.embedder.EclipseLogger - skip non existing resourceDirectory /Users/Vinodkummar/Documents/Spring/SpringMVC/StudentAdmissionSpringMVC/src/main/resources
2016-10-24 15:47:23,209 [Worker-7] WARN  o.e.m.c.i.embedder.EclipseLogger - Using platform encoding (MacRoman actually) to copy filtered resources, i.e. build is platform dependent!
2016-10-24 15:47:23,211 [Worker-7] INFO  o.e.m.c.i.embedder.EclipseLogger - skip non existing resourceDirectory /Users/Vinodkummar/Documents/Spring/SpringMVC/StudentAdmissionSpringMVC/src/test/resources
